(1)17:46:38, tid:  3320, eip: 01003441
(1)17:46:38, tid:  3320, eip: 0100353C
(1)17:46:38, tid:  3320, eip: 010035FE
(1)17:46:38, tid:  3320, eip: 010034BD
(1)17:46:38, tid:  3320, eip: 0100344F
(1)17:46:38, tid:  3320, eip: 01003486
(1)17:46:38, tid:  3320, eip: 01003467
(1)17:46:38, tid:  3320, eip: 01003530
(1)17:46:38, tid:  3320, eip: 010037FD
(1)17:46:38, tid:  3320, eip: 010038C7
(1)17:46:38, tid:  3320, eip: 0100391B
(1)17:46:38, tid:  3320, eip: 01002B87
(1)17:46:38, tid:  3320, eip: 01002E5F
(1)17:46:38, tid:  3320, eip: 01003367
(1)17:46:38, tid:  3320, eip: 01003927
(1)17:46:38, tid:  3320, eip: 01003809
(1)17:46:39, tid:  3320, eip: 01001CC3
(1)17:46:45, tid:  3320, eip: 01003645
(2)17:46:49, tid:  3320, eip: 01003883
(2)17:46:49, tid:  3320, eip: 010038B0
(2)17:46:49, tid:  3320, eip: 0100358C
(2)17:46:49, tid:  3320, eip: 01003A39
(2)17:46:49, tid:  3320, eip: 01003C8B
(2)17:46:49, tid:  3320, eip: 01003591
(2)17:46:49, tid:  3320, eip: 0100270F
(2)17:46:49, tid:  3320, eip: 01002795
(2)17:46:49, tid:  3320, eip: 01001F70
(2)17:46:49, tid:  3320, eip: 01001F8E
(2)17:46:49, tid:  3320, eip: 01001F02
(2)17:46:49, tid:  3320, eip: 01001F25
(2)17:46:49, tid:  3320, eip: 01001F13
(2)17:46:49, tid:  3320, eip: 01001F31
(2)17:46:49, tid:  3320, eip: 01001F48
(2)17:46:49, tid:  3320, eip: 01001F3F
(2)17:46:49, tid:  3320, eip: 01001F50
(2)17:46:49, tid:  3320, eip: 01001FB4
(2)17:46:50, tid:  3320, eip: 01001FE3
(2)17:46:50, tid:  3320, eip: 010027C7
(2)17:46:50, tid:  3320, eip: 010028FE
(2)17:46:50, tid:  3320, eip: 01003599
(2)17:46:50, tid:  3320, eip: 010035D7
(2)17:46:50, tid:  3320, eip: 01003526
(2)17:46:50, tid:  3320, eip: 010035ED
(2)17:46:50, tid:  3320, eip: 010038C2
(2)17:46:50, tid:  3320, eip: 01002A1F
(2)17:46:50, tid:  3320, eip: 01001929
(2)17:46:50, tid:  3320, eip: 0100193C
(2)17:46:50, tid:  3320, eip: 01001948
(2)17:46:50, tid:  3320, eip: 01002A24
(2)17:46:50, tid:  3320, eip: 01002A47
(2)17:46:50, tid:  3320, eip: 01007511
(2)17:47:15, tid:  2892, eip: 01003429
(2)17:47:15, tid:  2892, eip: 01003682
(2)17:47:15, tid:  2892, eip: 010037CC
(2)17:47:15, tid:  2892, eip: 010034BF
(2)17:47:15, tid:  2892, eip: 01002A1B
(2)17:47:15, tid:  2892, eip: 010029B3
(2)17:47:15, tid:  2892, eip: 010029CC
(2)17:47:15, tid:  2892, eip: 010029E4
(2)17:47:15, tid:  2892, eip: 01001D1C
(2)17:47:15, tid:  2892, eip: 01001C42
(2)17:47:15, tid:  2892, eip: 01001CFC
(2)17:47:15, tid:  2892, eip: 01007147
(2)17:47:15, tid:  2892, eip: 01001D13
(2)17:47:15, tid:  2892, eip: 01001D23
(2)17:47:19, tid:  2892, eip: 01003441
(2)17:47:19, tid:  2892, eip: 0100353C
(2)17:47:19, tid:  2892, eip: 010035FE
(2)17:47:19, tid:  2892, eip: 010034BD
(2)17:47:19, tid:  2892, eip: 0100344F
(2)17:47:19, tid:  2892, eip: 01003486
(2)17:47:19, tid:  2892, eip: 01003467
(2)17:47:19, tid:  2892, eip: 01003530
(2)17:47:19, tid:  2892, eip: 010037FD
(2)17:47:19, tid:  2892, eip: 010038C7
(2)17:47:19, tid:  2892, eip: 0100391B
(2)17:47:19, tid:  2892, eip: 01002B87
(2)17:47:19, tid:  2892, eip: 01002E5F
(2)17:47:19, tid:  2892, eip: 01003367
(2)17:47:19, tid:  2892, eip: 01003927
(2)17:47:19, tid:  2892, eip: 01003809
(2)17:47:20, tid:  2892, eip: 01001CC3
(2)17:47:21, tid:  2892, eip: 01003645
(2)17:47:22, tid:  2892, eip: 01003883
(2)17:47:22, tid:  2892, eip: 010038B0
(2)17:47:22, tid:  2892, eip: 010034C5
(2)17:47:22, tid:  2892, eip: 0100351A
(2)17:47:22, tid:  2892, eip: 010038C2
(2)17:47:24, tid:  2892, eip: 010034D4
(2)17:47:24, tid:  2892, eip: 010019E0
(2)17:47:24, tid:  2892, eip: 01003518
(2)17:47:34, tid:  2892, eip: 01003876
(2)17:47:34, tid:  2892, eip: 01001D73
(2)17:47:34, tid:  2892, eip: 01001E16
(2)17:47:34, tid:  2892, eip: 0100387E
(2)17:47:34, tid:  2892, eip: 01003842
(2)17:47:40, tid:  2892, eip: 01002EAA
(2)17:47:40, tid:  2892, eip: 01003019
(2)17:47:40, tid:  2892, eip: 0100313E
(2)17:47:40, tid:  2892, eip: 01005B41
(2)17:47:40, tid:  2892, eip: 01001B99
(2)17:47:40, tid:  2892, eip: 01005B7C
(2)17:47:40, tid:  2892, eip: 01005BE5
(2)17:47:40, tid:  2892, eip: 01005CC3
(2)17:47:40, tid:  2892, eip: 01005D97
(2)17:47:40, tid:  2892, eip: 01003157
(2)17:47:40, tid:  2892, eip: 0100316D
(2)17:47:42, tid:  2892, eip: 010031B0
(2)17:47:42, tid:  2892, eip: 01002F1E
(2)17:47:59, tid:  2892, eip: 01002FCE
(2)17:47:59, tid:  2892, eip: 01002FAC
(2)17:47:59, tid:  2892, eip: 010029D5
(2)17:48:04, tid:  2892, eip: 010036D6
(2)17:48:04, tid:  2892, eip: 0100370A
(2)17:48:04, tid:  2892, eip: 0100373B
(2)17:48:04, tid:  2892, eip: 010037B7
(2)17:48:04, tid:  2892, eip: 0100358C
(2)17:48:04, tid:  2892, eip: 01003A39
(2)17:48:04, tid:  2892, eip: 01003C8B
(2)17:48:04, tid:  2892, eip: 01003591
(2)17:48:04, tid:  2892, eip: 0100270F
(2)17:48:04, tid:  2892, eip: 01002795
(2)17:48:04, tid:  2892, eip: 01001F70
(2)17:48:04, tid:  2892, eip: 01001F8E
(2)17:48:04, tid:  2892, eip: 01001F02
(2)17:48:04, tid:  2892, eip: 01001F25
(2)17:48:04, tid:  2892, eip: 01001F13
(2)17:48:04, tid:  2892, eip: 01001F31
(2)17:48:04, tid:  2892, eip: 01001F48
(2)17:48:04, tid:  2892, eip: 01001F3F
(2)17:48:04, tid:  2892, eip: 01001F50
(2)17:48:04, tid:  2892, eip: 01001FB4
(2)17:48:05, tid:  2892, eip: 01001FE3
(2)17:48:05, tid:  2892, eip: 010027C7
(2)17:48:05, tid:  2892, eip: 010028FE
(2)17:48:05, tid:  2892, eip: 01003599
(2)17:48:05, tid:  2892, eip: 010035D7
(2)17:48:05, tid:  2892, eip: 01003526
(2)17:48:05, tid:  2892, eip: 010035ED
(2)17:48:05, tid:  2892, eip: 01002A1F
(2)17:48:05, tid:  2892, eip: 01001929
(2)17:48:05, tid:  2892, eip: 0100193C
(2)17:48:05, tid:  2892, eip: 01001948
(2)17:48:05, tid:  2892, eip: 01002A24
(2)17:48:05, tid:  2892, eip: 01002A47
(2)17:48:05, tid:  2892, eip: 01007511
